{"C:\\Users\\joshu\\Documents\\Projetos\\helpdesk-app\\server\\app.js": {"path":"C:\\Users\\joshu\\Documents\\Projetos\\helpdesk-app\\server\\app.js","statementMap":{"0":{"start":{"line":1,"column":16},"end":{"line":1,"column":70}},"1":{"start":{"line":2,"column":0},"end":{"line":2,"column":44}},"2":{"start":{"line":3,"column":16},"end":{"line":3,"column":34}},"3":{"start":{"line":4,"column":17},"end":{"line":4,"column":36}},"4":{"start":{"line":5,"column":13},"end":{"line":5,"column":28}},"5":{"start":{"line":6,"column":15},"end":{"line":6,"column":32}},"6":{"start":{"line":7,"column":18},"end":{"line":7,"column":47}},"7":{"start":{"line":8,"column":21},"end":{"line":8,"column":45}},"8":{"start":{"line":9,"column":18},"end":{"line":9,"column":47}},"9":{"start":{"line":11,"column":21},"end":{"line":11,"column":48}},"10":{"start":{"line":12,"column":19},"end":{"line":12,"column":43}},"11":{"start":{"line":14,"column":12},"end":{"line":14,"column":21}},"12":{"start":{"line":17,"column":20},"end":{"line":35,"column":2}},"13":{"start":{"line":36,"column":0},"end":{"line":36,"column":88}},"14":{"start":{"line":38,"column":0},"end":{"line":38,"column":18}},"15":{"start":{"line":39,"column":0},"end":{"line":39,"column":16}},"16":{"start":{"line":40,"column":0},"end":{"line":40,"column":24}},"17":{"start":{"line":43,"column":0},"end":{"line":49,"column":4}},"18":{"start":{"line":52,"column":0},"end":{"line":57,"column":3}},"19":{"start":{"line":53,"column":4},"end":{"line":55,"column":5}},"20":{"start":{"line":54,"column":8},"end":{"line":54,"column":75}},"21":{"start":{"line":56,"column":4},"end":{"line":56,"column":14}},"22":{"start":{"line":69,"column":12},"end":{"line":71,"column":29}},"23":{"start":{"line":73,"column":0},"end":{"line":76,"column":1}},"24":{"start":{"line":74,"column":4},"end":{"line":74,"column":75}},"25":{"start":{"line":75,"column":4},"end":{"line":75,"column":20}},"26":{"start":{"line":79,"column":0},"end":{"line":79,"column":73}},"27":{"start":{"line":81,"column":0},"end":{"line":84,"column":71}},"28":{"start":{"line":82,"column":27},"end":{"line":82,"column":62}},"29":{"start":{"line":83,"column":24},"end":{"line":83,"column":64}},"30":{"start":{"line":84,"column":30},"end":{"line":84,"column":69}},"31":{"start":{"line":86,"column":0},"end":{"line":88,"column":66}},"32":{"start":{"line":88,"column":16},"end":{"line":88,"column":64}},"33":{"start":{"line":92,"column":0},"end":{"line":92,"column":38}},"34":{"start":{"line":93,"column":0},"end":{"line":93,"column":33}},"35":{"start":{"line":96,"column":0},"end":{"line":98,"column":3}},"36":{"start":{"line":97,"column":4},"end":{"line":97,"column":49}},"37":{"start":{"line":100,"column":0},"end":{"line":100,"column":21}}},"fnMap":{"0":{"name":"(anonymous_0)","decl":{"start":{"line":52,"column":8},"end":{"line":52,"column":9}},"loc":{"start":{"line":52,"column":33},"end":{"line":57,"column":1}},"line":52},"1":{"name":"(anonymous_1)","decl":{"start":{"line":82,"column":21},"end":{"line":82,"column":22}},"loc":{"start":{"line":82,"column":27},"end":{"line":82,"column":62}},"line":82},"2":{"name":"(anonymous_2)","decl":{"start":{"line":83,"column":17},"end":{"line":83,"column":18}},"loc":{"start":{"line":83,"column":24},"end":{"line":83,"column":64}},"line":83},"3":{"name":"(anonymous_3)","decl":{"start":{"line":84,"column":24},"end":{"line":84,"column":25}},"loc":{"start":{"line":84,"column":30},"end":{"line":84,"column":69}},"line":84},"4":{"name":"(anonymous_4)","decl":{"start":{"line":88,"column":9},"end":{"line":88,"column":10}},"loc":{"start":{"line":88,"column":16},"end":{"line":88,"column":64}},"line":88},"5":{"name":"(anonymous_5)","decl":{"start":{"line":96,"column":8},"end":{"line":96,"column":9}},"loc":{"start":{"line":96,"column":22},"end":{"line":98,"column":1}},"line":96}},"branchMap":{"0":{"loc":{"start":{"line":1,"column":16},"end":{"line":1,"column":70}},"type":"cond-expr","locations":[{"start":{"line":1,"column":50},"end":{"line":1,"column":61}},{"start":{"line":1,"column":64},"end":{"line":1,"column":70}}],"line":1},"1":{"loc":{"start":{"line":53,"column":4},"end":{"line":55,"column":5}},"type":"if","locations":[{"start":{"line":53,"column":4},"end":{"line":55,"column":5}},{"start":{},"end":{}}],"line":53},"2":{"loc":{"start":{"line":53,"column":8},"end":{"line":53,"column":73}},"type":"binary-expr","locations":[{"start":{"line":53,"column":8},"end":{"line":53,"column":34}},{"start":{"line":53,"column":38},"end":{"line":53,"column":56}},{"start":{"line":53,"column":60},"end":{"line":53,"column":73}}],"line":53},"3":{"loc":{"start":{"line":69,"column":12},"end":{"line":71,"column":29}},"type":"cond-expr","locations":[{"start":{"line":70,"column":6},"end":{"line":70,"column":34}},{"start":{"line":71,"column":6},"end":{"line":71,"column":29}}],"line":69},"4":{"loc":{"start":{"line":73,"column":0},"end":{"line":76,"column":1}},"type":"if","locations":[{"start":{"line":73,"column":0},"end":{"line":76,"column":1}},{"start":{},"end":{}}],"line":73}},"s":{"0":2,"1":2,"2":2,"3":2,"4":2,"5":2,"6":2,"7":2,"8":2,"9":2,"10":2,"11":2,"12":2,"13":2,"14":2,"15":2,"16":2,"17":2,"18":2,"19":0,"20":0,"21":0,"22":2,"23":2,"24":0,"25":0,"26":2,"27":2,"28":2,"29":0,"30":2,"31":2,"32":0,"33":2,"34":2,"35":2,"36":0,"37":2},"f":{"0":0,"1":2,"2":0,"3":2,"4":0,"5":0},"b":{"0":[2,0],"1":[0,0],"2":[0,0,0],"3":[2,0],"4":[0,2]},"_coverageSchema":"1a1c01bbd47fc00a2c39e90264f33305004495a9","hash":"dcd1383d0174d3201f1b8be9f833ecd2cf3a272f"}
,"C:\\Users\\joshu\\Documents\\Projetos\\helpdesk-app\\server\\middleware\\auth.js": {"path":"C:\\Users\\joshu\\Documents\\Projetos\\helpdesk-app\\server\\middleware\\auth.js","statementMap":{"0":{"start":{"line":1,"column":12},"end":{"line":1,"column":35}},"1":{"start":{"line":4,"column":19},"end":{"line":4,"column":44}},"2":{"start":{"line":5,"column":4},"end":{"line":6,"column":80}},"3":{"start":{"line":6,"column":8},"end":{"line":6,"column":80}},"4":{"start":{"line":8,"column":18},"end":{"line":8,"column":38}},"5":{"start":{"line":9,"column":4},"end":{"line":14,"column":5}},"6":{"start":{"line":10,"column":8},"end":{"line":10,"column":63}},"7":{"start":{"line":11,"column":8},"end":{"line":11,"column":15}},"8":{"start":{"line":13,"column":8},"end":{"line":13,"column":68}},"9":{"start":{"line":17,"column":0},"end":{"line":17,"column":29}}},"fnMap":{"0":{"name":"requireAuth","decl":{"start":{"line":3,"column":9},"end":{"line":3,"column":20}},"loc":{"start":{"line":3,"column":37},"end":{"line":15,"column":1}},"line":3}},"branchMap":{"0":{"loc":{"start":{"line":5,"column":4},"end":{"line":6,"column":80}},"type":"if","locations":[{"start":{"line":5,"column":4},"end":{"line":6,"column":80}},{"start":{},"end":{}}],"line":5}},"s":{"0":2,"1":2,"2":2,"3":0,"4":2,"5":2,"6":2,"7":2,"8":0,"9":2},"f":{"0":2},"b":{"0":[0,2]},"_coverageSchema":"1a1c01bbd47fc00a2c39e90264f33305004495a9","hash":"e520a270b7994f5a7ec5301daef51e03da2b0941"}
,"C:\\Users\\joshu\\Documents\\Projetos\\helpdesk-app\\server\\models\\Ticket.js": {"path":"C:\\Users\\joshu\\Documents\\Projetos\\helpdesk-app\\server\\models\\Ticket.js","statementMap":{"0":{"start":{"line":1,"column":17},"end":{"line":1,"column":36}},"1":{"start":{"line":4,"column":21},"end":{"line":16,"column":2}},"2":{"start":{"line":19,"column":0},"end":{"line":19,"column":56}}},"fnMap":{},"branchMap":{},"s":{"0":2,"1":2,"2":2},"f":{},"b":{},"_coverageSchema":"1a1c01bbd47fc00a2c39e90264f33305004495a9","hash":"c15fcc80be8c51e5b35581a02bd2179e4890b22a"}
,"C:\\Users\\joshu\\Documents\\Projetos\\helpdesk-app\\server\\models\\User.js": {"path":"C:\\Users\\joshu\\Documents\\Projetos\\helpdesk-app\\server\\models\\User.js","statementMap":{"0":{"start":{"line":1,"column":17},"end":{"line":1,"column":36}},"1":{"start":{"line":2,"column":15},"end":{"line":2,"column":34}},"2":{"start":{"line":4,"column":19},"end":{"line":7,"column":2}},"3":{"start":{"line":10,"column":0},"end":{"line":14,"column":3}},"4":{"start":{"line":11,"column":4},"end":{"line":11,"column":52}},"5":{"start":{"line":11,"column":38},"end":{"line":11,"column":52}},"6":{"start":{"line":12,"column":4},"end":{"line":12,"column":57}},"7":{"start":{"line":13,"column":4},"end":{"line":13,"column":11}},"8":{"start":{"line":17,"column":0},"end":{"line":19,"column":2}},"9":{"start":{"line":18,"column":4},"end":{"line":18,"column":52}},"10":{"start":{"line":21,"column":0},"end":{"line":21,"column":52}}},"fnMap":{"0":{"name":"(anonymous_0)","decl":{"start":{"line":10,"column":23},"end":{"line":10,"column":24}},"loc":{"start":{"line":10,"column":45},"end":{"line":14,"column":1}},"line":10},"1":{"name":"(anonymous_1)","decl":{"start":{"line":17,"column":37},"end":{"line":17,"column":38}},"loc":{"start":{"line":17,"column":58},"end":{"line":19,"column":1}},"line":17}},"branchMap":{"0":{"loc":{"start":{"line":11,"column":4},"end":{"line":11,"column":52}},"type":"if","locations":[{"start":{"line":11,"column":4},"end":{"line":11,"column":52}},{"start":{},"end":{}}],"line":11}},"s":{"0":2,"1":2,"2":2,"3":2,"4":2,"5":0,"6":2,"7":2,"8":2,"9":1,"10":2},"f":{"0":2,"1":1},"b":{"0":[0,2]},"_coverageSchema":"1a1c01bbd47fc00a2c39e90264f33305004495a9","hash":"c21cff97af11258c8e4d6d154d7b231c50588681"}
,"C:\\Users\\joshu\\Documents\\Projetos\\helpdesk-app\\server\\routes\\auth.js": {"path":"C:\\Users\\joshu\\Documents\\Projetos\\helpdesk-app\\server\\routes\\auth.js","statementMap":{"0":{"start":{"line":1,"column":16},"end":{"line":1,"column":34}},"1":{"start":{"line":2,"column":12},"end":{"line":2,"column":35}},"2":{"start":{"line":3,"column":13},"end":{"line":3,"column":38}},"3":{"start":{"line":4,"column":35},"end":{"line":4,"column":63}},"4":{"start":{"line":5,"column":15},"end":{"line":5,"column":31}},"5":{"start":{"line":36,"column":0},"end":{"line":68,"column":2}},"6":{"start":{"line":49,"column":23},"end":{"line":49,"column":44}},"7":{"start":{"line":50,"column":8},"end":{"line":51,"column":68}},"8":{"start":{"line":51,"column":12},"end":{"line":51,"column":68}},"9":{"start":{"line":53,"column":8},"end":{"line":66,"column":9}},"10":{"start":{"line":54,"column":40},"end":{"line":54,"column":48}},"11":{"start":{"line":55,"column":25},"end":{"line":55,"column":54}},"12":{"start":{"line":56,"column":12},"end":{"line":56,"column":30}},"13":{"start":{"line":58,"column":26},"end":{"line":62,"column":13}},"14":{"start":{"line":63,"column":12},"end":{"line":63,"column":51}},"15":{"start":{"line":65,"column":12},"end":{"line":65,"column":64}},"16":{"start":{"line":94,"column":0},"end":{"line":124,"column":2}},"17":{"start":{"line":107,"column":23},"end":{"line":107,"column":44}},"18":{"start":{"line":108,"column":8},"end":{"line":109,"column":68}},"19":{"start":{"line":109,"column":12},"end":{"line":109,"column":68}},"20":{"start":{"line":111,"column":36},"end":{"line":111,"column":44}},"21":{"start":{"line":112,"column":21},"end":{"line":112,"column":50}},"22":{"start":{"line":113,"column":8},"end":{"line":115,"column":9}},"23":{"start":{"line":114,"column":12},"end":{"line":114,"column":74}},"24":{"start":{"line":117,"column":22},"end":{"line":121,"column":9}},"25":{"start":{"line":122,"column":8},"end":{"line":122,"column":35}},"26":{"start":{"line":126,"column":0},"end":{"line":126,"column":24}}},"fnMap":{"0":{"name":"(anonymous_0)","decl":{"start":{"line":48,"column":4},"end":{"line":48,"column":5}},"loc":{"start":{"line":48,"column":24},"end":{"line":67,"column":5}},"line":48},"1":{"name":"(anonymous_1)","decl":{"start":{"line":106,"column":4},"end":{"line":106,"column":5}},"loc":{"start":{"line":106,"column":24},"end":{"line":123,"column":5}},"line":106}},"branchMap":{"0":{"loc":{"start":{"line":50,"column":8},"end":{"line":51,"column":68}},"type":"if","locations":[{"start":{"line":50,"column":8},"end":{"line":51,"column":68}},{"start":{},"end":{}}],"line":50},"1":{"loc":{"start":{"line":108,"column":8},"end":{"line":109,"column":68}},"type":"if","locations":[{"start":{"line":108,"column":8},"end":{"line":109,"column":68}},{"start":{},"end":{}}],"line":108},"2":{"loc":{"start":{"line":113,"column":8},"end":{"line":115,"column":9}},"type":"if","locations":[{"start":{"line":113,"column":8},"end":{"line":115,"column":9}},{"start":{},"end":{}}],"line":113},"3":{"loc":{"start":{"line":113,"column":12},"end":{"line":113,"column":60}},"type":"binary-expr","locations":[{"start":{"line":113,"column":12},"end":{"line":113,"column":17}},{"start":{"line":113,"column":21},"end":{"line":113,"column":60}}],"line":113}},"s":{"0":2,"1":2,"2":2,"3":2,"4":2,"5":2,"6":2,"7":2,"8":0,"9":2,"10":2,"11":2,"12":2,"13":2,"14":2,"15":0,"16":2,"17":1,"18":1,"19":0,"20":1,"21":1,"22":1,"23":0,"24":1,"25":1,"26":2},"f":{"0":2,"1":1},"b":{"0":[0,2],"1":[0,1],"2":[0,1],"3":[1,1]},"_coverageSchema":"1a1c01bbd47fc00a2c39e90264f33305004495a9","hash":"ecbb5be3dc6847a119b44ec257f0af8bb9e0e337"}
,"C:\\Users\\joshu\\Documents\\Projetos\\helpdesk-app\\server\\routes\\tickets.js": {"path":"C:\\Users\\joshu\\Documents\\Projetos\\helpdesk-app\\server\\routes\\tickets.js","statementMap":{"0":{"start":{"line":1,"column":16},"end":{"line":1,"column":34}},"1":{"start":{"line":2,"column":42},"end":{"line":2,"column":70}},"2":{"start":{"line":3,"column":15},"end":{"line":3,"column":42}},"3":{"start":{"line":4,"column":15},"end":{"line":4,"column":31}},"4":{"start":{"line":5,"column":20},"end":{"line":5,"column":49}},"5":{"start":{"line":8,"column":19},"end":{"line":8,"column":40}},"6":{"start":{"line":9,"column":4},"end":{"line":11,"column":5}},"7":{"start":{"line":10,"column":8},"end":{"line":10,"column":64}},"8":{"start":{"line":12,"column":4},"end":{"line":12,"column":11}},"9":{"start":{"line":46,"column":0},"end":{"line":66,"column":2}},"10":{"start":{"line":62,"column":23},"end":{"line":62,"column":43}},"11":{"start":{"line":63,"column":8},"end":{"line":63,"column":28}},"12":{"start":{"line":64,"column":8},"end":{"line":64,"column":37}},"13":{"start":{"line":88,"column":0},"end":{"line":95,"column":3}},"14":{"start":{"line":89,"column":4},"end":{"line":94,"column":5}},"15":{"start":{"line":90,"column":24},"end":{"line":90,"column":43}},"16":{"start":{"line":91,"column":8},"end":{"line":91,"column":26}},"17":{"start":{"line":93,"column":8},"end":{"line":93,"column":53}},"18":{"start":{"line":122,"column":0},"end":{"line":132,"column":2}},"19":{"start":{"line":128,"column":23},"end":{"line":128,"column":59}},"20":{"start":{"line":129,"column":8},"end":{"line":129,"column":80}},"21":{"start":{"line":129,"column":21},"end":{"line":129,"column":80}},"22":{"start":{"line":130,"column":8},"end":{"line":130,"column":25}},"23":{"start":{"line":167,"column":0},"end":{"line":196,"column":2}},"24":{"start":{"line":184,"column":8},"end":{"line":194,"column":9}},"25":{"start":{"line":185,"column":27},"end":{"line":189,"column":13}},"26":{"start":{"line":190,"column":12},"end":{"line":190,"column":84}},"27":{"start":{"line":190,"column":25},"end":{"line":190,"column":84}},"28":{"start":{"line":191,"column":12},"end":{"line":191,"column":29}},"29":{"start":{"line":193,"column":12},"end":{"line":193,"column":57}},"30":{"start":{"line":219,"column":0},"end":{"line":229,"column":2}},"31":{"start":{"line":225,"column":23},"end":{"line":225,"column":68}},"32":{"start":{"line":226,"column":8},"end":{"line":226,"column":80}},"33":{"start":{"line":226,"column":21},"end":{"line":226,"column":80}},"34":{"start":{"line":227,"column":8},"end":{"line":227,"column":61}},"35":{"start":{"line":264,"column":0},"end":{"line":293,"column":2}},"36":{"start":{"line":281,"column":8},"end":{"line":291,"column":9}},"37":{"start":{"line":282,"column":27},"end":{"line":286,"column":13}},"38":{"start":{"line":287,"column":12},"end":{"line":287,"column":84}},"39":{"start":{"line":287,"column":25},"end":{"line":287,"column":84}},"40":{"start":{"line":288,"column":12},"end":{"line":288,"column":29}},"41":{"start":{"line":290,"column":12},"end":{"line":290,"column":57}},"42":{"start":{"line":295,"column":0},"end":{"line":295,"column":24}}},"fnMap":{"0":{"name":"handleValidationErrors","decl":{"start":{"line":7,"column":9},"end":{"line":7,"column":31}},"loc":{"start":{"line":7,"column":48},"end":{"line":13,"column":1}},"line":7},"1":{"name":"(anonymous_1)","decl":{"start":{"line":61,"column":4},"end":{"line":61,"column":5}},"loc":{"start":{"line":61,"column":24},"end":{"line":65,"column":5}},"line":61},"2":{"name":"(anonymous_2)","decl":{"start":{"line":88,"column":29},"end":{"line":88,"column":30}},"loc":{"start":{"line":88,"column":49},"end":{"line":95,"column":1}},"line":88},"3":{"name":"(anonymous_3)","decl":{"start":{"line":127,"column":4},"end":{"line":127,"column":5}},"loc":{"start":{"line":127,"column":24},"end":{"line":131,"column":5}},"line":127},"4":{"name":"(anonymous_4)","decl":{"start":{"line":183,"column":4},"end":{"line":183,"column":5}},"loc":{"start":{"line":183,"column":24},"end":{"line":195,"column":5}},"line":183},"5":{"name":"(anonymous_5)","decl":{"start":{"line":224,"column":4},"end":{"line":224,"column":5}},"loc":{"start":{"line":224,"column":24},"end":{"line":228,"column":5}},"line":224},"6":{"name":"(anonymous_6)","decl":{"start":{"line":280,"column":4},"end":{"line":280,"column":5}},"loc":{"start":{"line":280,"column":24},"end":{"line":292,"column":5}},"line":280}},"branchMap":{"0":{"loc":{"start":{"line":9,"column":4},"end":{"line":11,"column":5}},"type":"if","locations":[{"start":{"line":9,"column":4},"end":{"line":11,"column":5}},{"start":{},"end":{}}],"line":9},"1":{"loc":{"start":{"line":129,"column":8},"end":{"line":129,"column":80}},"type":"if","locations":[{"start":{"line":129,"column":8},"end":{"line":129,"column":80}},{"start":{},"end":{}}],"line":129},"2":{"loc":{"start":{"line":190,"column":12},"end":{"line":190,"column":84}},"type":"if","locations":[{"start":{"line":190,"column":12},"end":{"line":190,"column":84}},{"start":{},"end":{}}],"line":190},"3":{"loc":{"start":{"line":226,"column":8},"end":{"line":226,"column":80}},"type":"if","locations":[{"start":{"line":226,"column":8},"end":{"line":226,"column":80}},{"start":{},"end":{}}],"line":226},"4":{"loc":{"start":{"line":287,"column":12},"end":{"line":287,"column":84}},"type":"if","locations":[{"start":{"line":287,"column":12},"end":{"line":287,"column":84}},{"start":{},"end":{}}],"line":287}},"s":{"0":2,"1":2,"2":2,"3":2,"4":2,"5":1,"6":1,"7":0,"8":1,"9":2,"10":1,"11":1,"12":1,"13":2,"14":1,"15":1,"16":1,"17":0,"18":2,"19":0,"20":0,"21":0,"22":0,"23":2,"24":0,"25":0,"26":0,"27":0,"28":0,"29":0,"30":2,"31":0,"32":0,"33":0,"34":0,"35":2,"36":0,"37":0,"38":0,"39":0,"40":0,"41":0,"42":2},"f":{"0":1,"1":1,"2":1,"3":0,"4":0,"5":0,"6":0},"b":{"0":[0,1],"1":[0,0],"2":[0,0],"3":[0,0],"4":[0,0]},"_coverageSchema":"1a1c01bbd47fc00a2c39e90264f33305004495a9","hash":"f92afc8d25d903ae525b59e0456239187007ac66"}
}
