TN:
SF:server\app.js
FN:52,(anonymous_0)
FN:82,(anonymous_1)
FN:83,(anonymous_2)
FN:84,(anonymous_3)
FN:88,(anonymous_4)
FN:96,(anonymous_5)
FNF:6
FNH:2
FNDA:0,(anonymous_0)
FNDA:2,(anonymous_1)
FNDA:0,(anonymous_2)
FNDA:2,(anonymous_3)
FNDA:0,(anonymous_4)
FNDA:0,(anonymous_5)
DA:1,2
DA:2,2
DA:3,2
DA:4,2
DA:5,2
DA:6,2
DA:7,2
DA:8,2
DA:9,2
DA:11,2
DA:12,2
DA:14,2
DA:17,2
DA:36,2
DA:38,2
DA:39,2
DA:40,2
DA:43,2
DA:52,2
DA:53,0
DA:54,0
DA:56,0
DA:69,2
DA:73,2
DA:74,0
DA:75,0
DA:79,2
DA:81,2
DA:82,2
DA:83,0
DA:84,2
DA:86,2
DA:88,0
DA:92,2
DA:93,2
DA:96,2
DA:97,0
DA:100,2
LF:38
LH:30
BRDA:1,0,0,2
BRDA:1,0,1,0
BRDA:53,1,0,0
BRDA:53,1,1,0
BRDA:53,2,0,0
BRDA:53,2,1,0
BRDA:53,2,2,0
BRDA:69,3,0,2
BRDA:69,3,1,0
BRDA:73,4,0,0
BRDA:73,4,1,2
BRF:11
BRH:3
end_of_record
TN:
SF:server\middleware\auth.js
FN:3,requireAuth
FNF:1
FNH:1
FNDA:2,requireAuth
DA:1,2
DA:4,2
DA:5,2
DA:6,0
DA:8,2
DA:9,2
DA:10,2
DA:11,2
DA:13,0
DA:17,2
LF:10
LH:8
BRDA:5,0,0,0
BRDA:5,0,1,2
BRF:2
BRH:1
end_of_record
TN:
SF:server\models\Ticket.js
FNF:0
FNH:0
DA:1,2
DA:4,2
DA:19,2
LF:3
LH:3
BRF:0
BRH:0
end_of_record
TN:
SF:server\models\User.js
FN:10,(anonymous_0)
FN:17,(anonymous_1)
FNF:2
FNH:2
FNDA:2,(anonymous_0)
FNDA:1,(anonymous_1)
DA:1,2
DA:2,2
DA:4,2
DA:10,2
DA:11,2
DA:12,2
DA:13,2
DA:17,2
DA:18,1
DA:21,2
LF:10
LH:10
BRDA:11,0,0,0
BRDA:11,0,1,2
BRF:2
BRH:1
end_of_record
TN:
SF:server\routes\auth.js
FN:48,(anonymous_0)
FN:106,(anonymous_1)
FNF:2
FNH:2
FNDA:2,(anonymous_0)
FNDA:1,(anonymous_1)
DA:1,2
DA:2,2
DA:3,2
DA:4,2
DA:5,2
DA:36,2
DA:49,2
DA:50,2
DA:51,0
DA:53,2
DA:54,2
DA:55,2
DA:56,2
DA:58,2
DA:63,2
DA:65,0
DA:94,2
DA:107,1
DA:108,1
DA:109,0
DA:111,1
DA:112,1
DA:113,1
DA:114,0
DA:117,1
DA:122,1
DA:126,2
LF:27
LH:23
BRDA:50,0,0,0
BRDA:50,0,1,2
BRDA:108,1,0,0
BRDA:108,1,1,1
BRDA:113,2,0,0
BRDA:113,2,1,1
BRDA:113,3,0,1
BRDA:113,3,1,1
BRF:8
BRH:5
end_of_record
TN:
SF:server\routes\tickets.js
FN:7,handleValidationErrors
FN:61,(anonymous_1)
FN:88,(anonymous_2)
FN:127,(anonymous_3)
FN:183,(anonymous_4)
FN:224,(anonymous_5)
FN:280,(anonymous_6)
FNF:7
FNH:3
FNDA:1,handleValidationErrors
FNDA:1,(anonymous_1)
FNDA:1,(anonymous_2)
FNDA:0,(anonymous_3)
FNDA:0,(anonymous_4)
FNDA:0,(anonymous_5)
FNDA:0,(anonymous_6)
DA:1,2
DA:2,2
DA:3,2
DA:4,2
DA:5,2
DA:8,1
DA:9,1
DA:10,0
DA:12,1
DA:46,2
DA:62,1
DA:63,1
DA:64,1
DA:88,2
DA:89,1
DA:90,1
DA:91,1
DA:93,0
DA:122,2
DA:128,0
DA:129,0
DA:130,0
DA:167,2
DA:184,0
DA:185,0
DA:190,0
DA:191,0
DA:193,0
DA:219,2
DA:225,0
DA:226,0
DA:227,0
DA:264,2
DA:281,0
DA:282,0
DA:287,0
DA:288,0
DA:290,0
DA:295,2
LF:39
LH:21
BRDA:9,0,0,0
BRDA:9,0,1,1
BRDA:129,1,0,0
BRDA:129,1,1,0
BRDA:190,2,0,0
BRDA:190,2,1,0
BRDA:226,3,0,0
BRDA:226,3,1,0
BRDA:287,4,0,0
BRDA:287,4,1,0
BRF:10
BRH:1
end_of_record
